<?xml version="1.0" encoding="UTF-8"?>
<!-- Generated by org.testng.reporters.JUnitXMLReporter -->
<testsuite ignored="0" hostname="RAUSHAN_BADAL" failures="0" tests="17" name="GUI Elements Tests" time="140.197" errors="0" timestamp="2026-06-13T11:13:56 IST">
  <testcase classname="testcases.TC01_TextFieldsTest" name="verifyTextFields" time="1.925"/>
  <testcase classname="testcases.TC02_RadioButtonTest" name="verifyMaleRadioButton" time="0.474"/>
  <testcase classname="testcases.TC03_CheckBoxTest" name="verifyCheckBoxes" time="4.884"/>
  <testcase classname="testcases.TC04_DropDownTest" name="verifyDropDowns" time="2.827"/>
  <testcase classname="testcases.TC05_DatePickerTest" name="verifyDatePickers" time="1.625"/>
  <testcase classname="testcases.TC06_FileUploadTest" name="verifySingleFileUpload" time="0.46"/>
  <testcase classname="testcases.TC07_SliderTest" name="verifySlider" time="0.663"/>
  <testcase classname="testcases.TC08_AlertTest" name="verifyAlerts" time="1.24"/>
  <testcase classname="testcases.TC09_MouseHoverTest" name="verifyMouseHover" time="0.294"/>
  <testcase classname="testcases.TC10_DoubleClickTest" name="verifyDoubleClick" time="0.371"/>
  <testcase classname="testcases.TC11_DragAndDropTest" name="verifyDragAndDrop" time="0.513"/>
  <testcase classname="testcases.TC12_FormTest" name="verifyFormSection" time="1.605"/>
  <testcase classname="testcases.TC13_ExcelDataDrivenTest" name="verifyTextFieldsUsingExcel" time="1.422"/>
  <testcase classname="testcases.TC13_ExcelDataDrivenTest" name="verifyTextFieldsUsingExcel" time="1.374"/>
  <testcase classname="testcases.TC13_ExcelDataDrivenTest" name="verifyTextFieldsUsingExcel" time="1.511"/>
  <testcase classname="testcases.TC14_DownloadFilesTest" name="verifyDownloadFiles" time="4.653"/>
  <testcase classname="testcases.TC15_DynamicButtonTest" name="verifyDynamicButton" time="0.811"/>
</testsuite> <!-- GUI Elements Tests -->
