<?xml version="1.0" encoding="UTF-8"?>
<testng-results ignored="0" total="17" passed="17" failed="0" skipped="0">
  <reporter-output>
  </reporter-output>
  <suite started-at="2026-06-13T11:11:35 IST" name="GUIElementsAutomationSuite" finished-at="2026-06-13T11:13:55 IST" duration-ms="140197">
    <groups>
    </groups>
    <test started-at="2026-06-13T11:11:35 IST" name="GUI Elements Tests" finished-at="2026-06-13T11:13:55 IST" duration-ms="140197">
      <class name="testcases.TC05_DatePickerTest">
        <test-method is-config="true" signature="setup()[pri:0, instance:testcases.TC05_DatePickerTest@11eadcba]" started-at="2026-06-13T11:12:14 IST" name="setup" finished-at="2026-06-13T11:12:21 IST" duration-ms="7490" status="PASS">
          <reporter-output>
          </reporter-output>
        </test-method> <!-- setup -->
        <test-method signature="verifyDatePickers()[pri:0, instance:testcases.TC05_DatePickerTest@11eadcba]" started-at="2026-06-13T11:12:21 IST" name="verifyDatePickers" finished-at="2026-06-13T11:12:23 IST" duration-ms="1625" status="PASS">
          <reporter-output>
          </reporter-output>
        </test-method> <!-- verifyDatePickers -->
        <test-method is-config="true" signature="tearDown()[pri:0, instance:testcases.TC05_DatePickerTest@11eadcba]" started-at="2026-06-13T11:12:23 IST" name="tearDown" finished-at="2026-06-13T11:12:23 IST" duration-ms="530" status="PASS">
          <reporter-output>
          </reporter-output>
        </test-method> <!-- tearDown -->
      </class> <!-- testcases.TC05_DatePickerTest -->
      <class name="testcases.TC03_CheckBoxTest">
        <test-method is-config="true" signature="setup()[pri:0, instance:testcases.TC03_CheckBoxTest@37bd68c3]" started-at="2026-06-13T11:11:56 IST" name="setup" finished-at="2026-06-13T11:11:59 IST" duration-ms="2906" status="PASS">
          <reporter-output>
          </reporter-output>
        </test-method> <!-- setup -->
        <test-method signature="verifyCheckBoxes()[pri:0, instance:testcases.TC03_CheckBoxTest@37bd68c3]" started-at="2026-06-13T11:11:59 IST" name="verifyCheckBoxes" finished-at="2026-06-13T11:12:04 IST" duration-ms="4884" status="PASS">
          <reporter-output>
          </reporter-output>
        </test-method> <!-- verifyCheckBoxes -->
        <test-method is-config="true" signature="tearDown()[pri:0, instance:testcases.TC03_CheckBoxTest@37bd68c3]" started-at="2026-06-13T11:12:04 IST" name="tearDown" finished-at="2026-06-13T11:12:05 IST" duration-ms="597" status="PASS">
          <reporter-output>
          </reporter-output>
        </test-method> <!-- tearDown -->
      </class> <!-- testcases.TC03_CheckBoxTest -->
      <class name="testcases.TC07_SliderTest">
        <test-method is-config="true" signature="setup()[pri:0, instance:testcases.TC07_SliderTest@1b065145]" started-at="2026-06-13T11:12:29 IST" name="setup" finished-at="2026-06-13T11:12:37 IST" duration-ms="7813" status="PASS">
          <reporter-output>
          </reporter-output>
        </test-method> <!-- setup -->
        <test-method signature="verifySlider()[pri:0, instance:testcases.TC07_SliderTest@1b065145]" started-at="2026-06-13T11:12:37 IST" name="verifySlider" finished-at="2026-06-13T11:12:38 IST" duration-ms="663" status="PASS">
          <reporter-output>
          </reporter-output>
        </test-method> <!-- verifySlider -->
        <test-method is-config="true" signature="tearDown()[pri:0, instance:testcases.TC07_SliderTest@1b065145]" started-at="2026-06-13T11:12:38 IST" name="tearDown" finished-at="2026-06-13T11:12:38 IST" duration-ms="567" status="PASS">
          <reporter-output>
          </reporter-output>
        </test-method> <!-- tearDown -->
      </class> <!-- testcases.TC07_SliderTest -->
      <class name="testcases.TC01_TextFieldsTest">
        <test-method is-config="true" signature="setup()[pri:0, instance:testcases.TC01_TextFieldsTest@6f2cb653]" started-at="2026-06-13T11:11:35 IST" name="setup" finished-at="2026-06-13T11:11:47 IST" duration-ms="11821" status="PASS">
          <reporter-output>
          </reporter-output>
        </test-method> <!-- setup -->
        <test-method signature="verifyTextFields()[pri:0, instance:testcases.TC01_TextFieldsTest@6f2cb653]" started-at="2026-06-13T11:11:47 IST" name="verifyTextFields" finished-at="2026-06-13T11:11:49 IST" duration-ms="1925" status="PASS">
          <reporter-output>
          </reporter-output>
        </test-method> <!-- verifyTextFields -->
        <test-method is-config="true" signature="tearDown()[pri:0, instance:testcases.TC01_TextFieldsTest@6f2cb653]" started-at="2026-06-13T11:11:49 IST" name="tearDown" finished-at="2026-06-13T11:11:49 IST" duration-ms="478" status="PASS">
          <reporter-output>
          </reporter-output>
        </test-method> <!-- tearDown -->
      </class> <!-- testcases.TC01_TextFieldsTest -->
      <class name="testcases.TC12_FormTest">
        <test-method is-config="true" signature="setup()[pri:0, instance:testcases.TC12_FormTest@5827af16]" started-at="2026-06-13T11:13:06 IST" name="setup" finished-at="2026-06-13T11:13:12 IST" duration-ms="5961" status="PASS">
          <reporter-output>
          </reporter-output>
        </test-method> <!-- setup -->
        <test-method signature="verifyFormSection()[pri:0, instance:testcases.TC12_FormTest@5827af16]" started-at="2026-06-13T11:13:12 IST" name="verifyFormSection" finished-at="2026-06-13T11:13:13 IST" duration-ms="1605" status="PASS">
          <reporter-output>
          </reporter-output>
        </test-method> <!-- verifyFormSection -->
        <test-method is-config="true" signature="tearDown()[pri:0, instance:testcases.TC12_FormTest@5827af16]" started-at="2026-06-13T11:13:13 IST" name="tearDown" finished-at="2026-06-13T11:13:14 IST" duration-ms="408" status="PASS">
          <reporter-output>
          </reporter-output>
        </test-method> <!-- tearDown -->
      </class> <!-- testcases.TC12_FormTest -->
      <class name="testcases.TC09_MouseHoverTest">
        <test-method is-config="true" signature="setup()[pri:0, instance:testcases.TC09_MouseHoverTest@207ea13]" started-at="2026-06-13T11:12:46 IST" name="setup" finished-at="2026-06-13T11:12:50 IST" duration-ms="4840" status="PASS">
          <reporter-output>
          </reporter-output>
        </test-method> <!-- setup -->
        <test-method signature="verifyMouseHover()[pri:0, instance:testcases.TC09_MouseHoverTest@207ea13]" started-at="2026-06-13T11:12:50 IST" name="verifyMouseHover" finished-at="2026-06-13T11:12:51 IST" duration-ms="294" status="PASS">
          <reporter-output>
          </reporter-output>
        </test-method> <!-- verifyMouseHover -->
        <test-method is-config="true" signature="tearDown()[pri:0, instance:testcases.TC09_MouseHoverTest@207ea13]" started-at="2026-06-13T11:12:51 IST" name="tearDown" finished-at="2026-06-13T11:12:51 IST" duration-ms="374" status="PASS">
          <reporter-output>
          </reporter-output>
        </test-method> <!-- tearDown -->
      </class> <!-- testcases.TC09_MouseHoverTest -->
      <class name="testcases.TC02_RadioButtonTest">
        <test-method is-config="true" signature="setup()[pri:0, instance:testcases.TC02_RadioButtonTest@5b11a194]" started-at="2026-06-13T11:11:49 IST" name="setup" finished-at="2026-06-13T11:11:55 IST" duration-ms="6227" status="PASS">
          <reporter-output>
          </reporter-output>
        </test-method> <!-- setup -->
        <test-method signature="verifyMaleRadioButton()[pri:0, instance:testcases.TC02_RadioButtonTest@5b11a194]" started-at="2026-06-13T11:11:55 IST" name="verifyMaleRadioButton" finished-at="2026-06-13T11:11:56 IST" duration-ms="474" status="PASS">
          <reporter-output>
          </reporter-output>
        </test-method> <!-- verifyMaleRadioButton -->
        <test-method is-config="true" signature="tearDown()[pri:0, instance:testcases.TC02_RadioButtonTest@5b11a194]" started-at="2026-06-13T11:11:56 IST" name="tearDown" finished-at="2026-06-13T11:11:56 IST" duration-ms="494" status="PASS">
          <reporter-output>
          </reporter-output>
        </test-method> <!-- tearDown -->
      </class> <!-- testcases.TC02_RadioButtonTest -->
      <class name="testcases.TC04_DropDownTest">
        <test-method is-config="true" signature="setup()[pri:0, instance:testcases.TC04_DropDownTest@60f7cc1d]" started-at="2026-06-13T11:12:05 IST" name="setup" finished-at="2026-06-13T11:12:10 IST" duration-ms="5695" status="PASS">
          <reporter-output>
          </reporter-output>
        </test-method> <!-- setup -->
        <test-method signature="verifyDropDowns()[pri:0, instance:testcases.TC04_DropDownTest@60f7cc1d]" started-at="2026-06-13T11:12:10 IST" name="verifyDropDowns" finished-at="2026-06-13T11:12:13 IST" duration-ms="2827" status="PASS">
          <reporter-output>
          </reporter-output>
        </test-method> <!-- verifyDropDowns -->
        <test-method is-config="true" signature="tearDown()[pri:0, instance:testcases.TC04_DropDownTest@60f7cc1d]" started-at="2026-06-13T11:12:13 IST" name="tearDown" finished-at="2026-06-13T11:12:14 IST" duration-ms="521" status="PASS">
          <reporter-output>
          </reporter-output>
        </test-method> <!-- tearDown -->
      </class> <!-- testcases.TC04_DropDownTest -->
      <class name="testcases.TC06_FileUploadTest">
        <test-method is-config="true" signature="setup()[pri:0, instance:testcases.TC06_FileUploadTest@4721d212]" started-at="2026-06-13T11:12:23 IST" name="setup" finished-at="2026-06-13T11:12:28 IST" duration-ms="4879" status="PASS">
          <reporter-output>
          </reporter-output>
        </test-method> <!-- setup -->
        <test-method signature="verifySingleFileUpload()[pri:0, instance:testcases.TC06_FileUploadTest@4721d212]" started-at="2026-06-13T11:12:28 IST" name="verifySingleFileUpload" finished-at="2026-06-13T11:12:29 IST" duration-ms="460" status="PASS">
          <reporter-output>
          </reporter-output>
        </test-method> <!-- verifySingleFileUpload -->
        <test-method is-config="true" signature="tearDown()[pri:0, instance:testcases.TC06_FileUploadTest@4721d212]" started-at="2026-06-13T11:12:29 IST" name="tearDown" finished-at="2026-06-13T11:12:29 IST" duration-ms="512" status="PASS">
          <reporter-output>
          </reporter-output>
        </test-method> <!-- tearDown -->
      </class> <!-- testcases.TC06_FileUploadTest -->
      <class name="testcases.TC10_DoubleClickTest">
        <test-method is-config="true" signature="setup()[pri:0, instance:testcases.TC10_DoubleClickTest@4bff1903]" started-at="2026-06-13T11:12:51 IST" name="setup" finished-at="2026-06-13T11:12:57 IST" duration-ms="5895" status="PASS">
          <reporter-output>
          </reporter-output>
        </test-method> <!-- setup -->
        <test-method signature="verifyDoubleClick()[pri:0, instance:testcases.TC10_DoubleClickTest@4bff1903]" started-at="2026-06-13T11:12:57 IST" name="verifyDoubleClick" finished-at="2026-06-13T11:12:57 IST" duration-ms="371" status="PASS">
          <reporter-output>
          </reporter-output>
        </test-method> <!-- verifyDoubleClick -->
        <test-method is-config="true" signature="tearDown()[pri:0, instance:testcases.TC10_DoubleClickTest@4bff1903]" started-at="2026-06-13T11:12:57 IST" name="tearDown" finished-at="2026-06-13T11:12:58 IST" duration-ms="305" status="PASS">
          <reporter-output>
          </reporter-output>
        </test-method> <!-- tearDown -->
      </class> <!-- testcases.TC10_DoubleClickTest -->
      <class name="testcases.TC14_DownloadFilesTest">
        <test-method is-config="true" signature="setup()[pri:0, instance:testcases.TC14_DownloadFilesTest@56c9bbd8]" started-at="2026-06-13T11:13:37 IST" name="setup" finished-at="2026-06-13T11:13:42 IST" duration-ms="5556" status="PASS">
          <reporter-output>
          </reporter-output>
        </test-method> <!-- setup -->
        <test-method signature="verifyDownloadFiles()[pri:0, instance:testcases.TC14_DownloadFilesTest@56c9bbd8]" started-at="2026-06-13T11:13:42 IST" name="verifyDownloadFiles" finished-at="2026-06-13T11:13:47 IST" duration-ms="4653" status="PASS">
          <reporter-output>
          </reporter-output>
        </test-method> <!-- verifyDownloadFiles -->
        <test-method is-config="true" signature="tearDown()[pri:0, instance:testcases.TC14_DownloadFilesTest@56c9bbd8]" started-at="2026-06-13T11:13:47 IST" name="tearDown" finished-at="2026-06-13T11:13:47 IST" duration-ms="480" status="PASS">
          <reporter-output>
          </reporter-output>
        </test-method> <!-- tearDown -->
      </class> <!-- testcases.TC14_DownloadFilesTest -->
      <class name="testcases.TC15_DynamicButtonTest">
        <test-method is-config="true" signature="setup()[pri:0, instance:testcases.TC15_DynamicButtonTest@630cb4a4]" started-at="2026-06-13T11:13:47 IST" name="setup" finished-at="2026-06-13T11:13:54 IST" duration-ms="6586" status="PASS">
          <reporter-output>
          </reporter-output>
        </test-method> <!-- setup -->
        <test-method signature="verifyDynamicButton()[pri:0, instance:testcases.TC15_DynamicButtonTest@630cb4a4]" started-at="2026-06-13T11:13:54 IST" name="verifyDynamicButton" finished-at="2026-06-13T11:13:55 IST" duration-ms="811" status="PASS">
          <reporter-output>
          </reporter-output>
        </test-method> <!-- verifyDynamicButton -->
        <test-method is-config="true" signature="tearDown()[pri:0, instance:testcases.TC15_DynamicButtonTest@630cb4a4]" started-at="2026-06-13T11:13:55 IST" name="tearDown" finished-at="2026-06-13T11:13:55 IST" duration-ms="385" status="PASS">
          <reporter-output>
          </reporter-output>
        </test-method> <!-- tearDown -->
      </class> <!-- testcases.TC15_DynamicButtonTest -->
      <class name="testcases.TC13_ExcelDataDrivenTest">
        <test-method is-config="true" signature="setup()[pri:0, instance:testcases.TC13_ExcelDataDrivenTest@654d8173]" started-at="2026-06-13T11:13:16 IST" name="setup" finished-at="2026-06-13T11:13:20 IST" duration-ms="4805" status="PASS">
          <reporter-output>
          </reporter-output>
        </test-method> <!-- setup -->
        <test-method signature="verifyTextFieldsUsingExcel(java.lang.String,java.lang.String,java.lang.String,java.lang.String)[pri:0, instance:testcases.TC13_ExcelDataDrivenTest@654d8173]" started-at="2026-06-13T11:13:20 IST" name="verifyTextFieldsUsingExcel" data-provider="excelData" finished-at="2026-06-13T11:13:22 IST" duration-ms="1422" status="PASS">
          <params>
            <param index="0">
              <value>
                <![CDATA[Raushan]]>
              </value>
            </param>
            <param index="1">
              <value>
                <![CDATA[raushan@gmail.com]]>
              </value>
            </param>
            <param index="2">
              <value>
                <![CDATA[9876543210]]>
              </value>
            </param>
            <param index="3">
              <value>
                <![CDATA[Patna, Bihar]]>
              </value>
            </param>
          </params>
          <reporter-output>
          </reporter-output>
        </test-method> <!-- verifyTextFieldsUsingExcel -->
        <test-method is-config="true" signature="tearDown()[pri:0, instance:testcases.TC13_ExcelDataDrivenTest@654d8173]" started-at="2026-06-13T11:13:22 IST" name="tearDown" finished-at="2026-06-13T11:13:22 IST" duration-ms="421" status="PASS">
          <reporter-output>
          </reporter-output>
        </test-method> <!-- tearDown -->
        <test-method is-config="true" signature="setup()[pri:0, instance:testcases.TC13_ExcelDataDrivenTest@654d8173]" started-at="2026-06-13T11:13:22 IST" name="setup" finished-at="2026-06-13T11:13:28 IST" duration-ms="5589" status="PASS">
          <reporter-output>
          </reporter-output>
        </test-method> <!-- setup -->
        <test-method signature="verifyTextFieldsUsingExcel(java.lang.String,java.lang.String,java.lang.String,java.lang.String)[pri:0, instance:testcases.TC13_ExcelDataDrivenTest@654d8173]" started-at="2026-06-13T11:13:28 IST" name="verifyTextFieldsUsingExcel" data-provider="excelData" finished-at="2026-06-13T11:13:29 IST" duration-ms="1374" status="PASS">
          <params>
            <param index="0">
              <value>
                <![CDATA[Badal]]>
              </value>
            </param>
            <param index="1">
              <value>
                <![CDATA[badal@gmail.com]]>
              </value>
            </param>
            <param index="2">
              <value>
                <![CDATA[9999999999]]>
              </value>
            </param>
            <param index="3">
              <value>
                <![CDATA[Gaya, Bihar]]>
              </value>
            </param>
          </params>
          <reporter-output>
          </reporter-output>
        </test-method> <!-- verifyTextFieldsUsingExcel -->
        <test-method is-config="true" signature="tearDown()[pri:0, instance:testcases.TC13_ExcelDataDrivenTest@654d8173]" started-at="2026-06-13T11:13:29 IST" name="tearDown" finished-at="2026-06-13T11:13:30 IST" duration-ms="453" status="PASS">
          <reporter-output>
          </reporter-output>
        </test-method> <!-- tearDown -->
        <test-method is-config="true" signature="setup()[pri:0, instance:testcases.TC13_ExcelDataDrivenTest@654d8173]" started-at="2026-06-13T11:13:30 IST" name="setup" finished-at="2026-06-13T11:13:35 IST" duration-ms="4879" status="PASS">
          <reporter-output>
          </reporter-output>
        </test-method> <!-- setup -->
        <test-method signature="verifyTextFieldsUsingExcel(java.lang.String,java.lang.String,java.lang.String,java.lang.String)[pri:0, instance:testcases.TC13_ExcelDataDrivenTest@654d8173]" started-at="2026-06-13T11:13:35 IST" name="verifyTextFieldsUsingExcel" data-provider="excelData" finished-at="2026-06-13T11:13:36 IST" duration-ms="1511" status="PASS">
          <params>
            <param index="0">
              <value>
                <![CDATA[Wipro Candidate]]>
              </value>
            </param>
            <param index="1">
              <value>
                <![CDATA[wipro@gmail.com]]>
              </value>
            </param>
            <param index="2">
              <value>
                <![CDATA[8888888888]]>
              </value>
            </param>
            <param index="3">
              <value>
                <![CDATA[Bengaluru, Karnataka]]>
              </value>
            </param>
          </params>
          <reporter-output>
          </reporter-output>
        </test-method> <!-- verifyTextFieldsUsingExcel -->
        <test-method is-config="true" signature="tearDown()[pri:0, instance:testcases.TC13_ExcelDataDrivenTest@654d8173]" started-at="2026-06-13T11:13:36 IST" name="tearDown" finished-at="2026-06-13T11:13:37 IST" duration-ms="391" status="PASS">
          <reporter-output>
          </reporter-output>
        </test-method> <!-- tearDown -->
      </class> <!-- testcases.TC13_ExcelDataDrivenTest -->
      <class name="testcases.TC11_DragAndDropTest">
        <test-method is-config="true" signature="setup()[pri:0, instance:testcases.TC11_DragAndDropTest@62dae540]" started-at="2026-06-13T11:12:58 IST" name="setup" finished-at="2026-06-13T11:13:05 IST" duration-ms="7149" status="PASS">
          <reporter-output>
          </reporter-output>
        </test-method> <!-- setup -->
        <test-method signature="verifyDragAndDrop()[pri:0, instance:testcases.TC11_DragAndDropTest@62dae540]" started-at="2026-06-13T11:13:05 IST" name="verifyDragAndDrop" finished-at="2026-06-13T11:13:05 IST" duration-ms="513" status="PASS">
          <reporter-output>
          </reporter-output>
        </test-method> <!-- verifyDragAndDrop -->
        <test-method is-config="true" signature="tearDown()[pri:0, instance:testcases.TC11_DragAndDropTest@62dae540]" started-at="2026-06-13T11:13:05 IST" name="tearDown" finished-at="2026-06-13T11:13:06 IST" duration-ms="415" status="PASS">
          <reporter-output>
          </reporter-output>
        </test-method> <!-- tearDown -->
      </class> <!-- testcases.TC11_DragAndDropTest -->
      <class name="testcases.TC08_AlertTest">
        <test-method is-config="true" signature="setup()[pri:0, instance:testcases.TC08_AlertTest@45cff11c]" started-at="2026-06-13T11:12:38 IST" name="setup" finished-at="2026-06-13T11:12:44 IST" duration-ms="5498" status="PASS">
          <reporter-output>
          </reporter-output>
        </test-method> <!-- setup -->
        <test-method signature="verifyAlerts()[pri:0, instance:testcases.TC08_AlertTest@45cff11c]" started-at="2026-06-13T11:12:44 IST" name="verifyAlerts" finished-at="2026-06-13T11:12:45 IST" duration-ms="1240" status="PASS">
          <reporter-output>
          </reporter-output>
        </test-method> <!-- verifyAlerts -->
        <test-method is-config="true" signature="tearDown()[pri:0, instance:testcases.TC08_AlertTest@45cff11c]" started-at="2026-06-13T11:12:45 IST" name="tearDown" finished-at="2026-06-13T11:12:46 IST" duration-ms="458" status="PASS">
          <reporter-output>
          </reporter-output>
        </test-method> <!-- tearDown -->
      </class> <!-- testcases.TC08_AlertTest -->
    </test> <!-- GUI Elements Tests -->
  </suite> <!-- GUIElementsAutomationSuite -->
</testng-results>
