<?xml version="1.0" encoding="UTF-8"?>
<!-- Generated by org.testng.reporters.JUnitReportReporter -->
<testsuite hostname="RAUSHAN_BADAL" failures="0" tests="3" name="testcases.TC13_ExcelDataDrivenTest" time="20.845" errors="0" timestamp="2026-06-13T11:13:57 IST" skipped="0">
  <testcase classname="testcases.TC13_ExcelDataDrivenTest" name="verifyTextFieldsUsingExcel" time="6.754"/>
  <testcase classname="testcases.TC13_ExcelDataDrivenTest" name="verifyTextFieldsUsingExcel" time="6.600"/>
  <testcase classname="testcases.TC13_ExcelDataDrivenTest" name="verifyTextFieldsUsingExcel" time="7.491"/>
</testsuite> <!-- testcases.TC13_ExcelDataDrivenTest -->
